2026-06-14 16:56:00,503 INFO o.a.j.u.JMeterUtils: Setting Locale to en_EN
2026-06-14 16:56:00,529 INFO o.a.j.JMeter: Loading user properties from: C:\Program Files\apache-jmeter-5.6.3\apache-jmeter-5.6.3\bin\user.properties
2026-06-14 16:56:00,531 INFO o.a.j.JMeter: Loading system properties from: C:\Program Files\apache-jmeter-5.6.3\apache-jmeter-5.6.3\bin\system.properties
2026-06-14 16:56:00,540 INFO o.a.j.JMeter: Copyright (c) 1998-2024 The Apache Software Foundation
2026-06-14 16:56:00,540 INFO o.a.j.JMeter: Version 5.6.3
2026-06-14 16:56:00,540 INFO o.a.j.JMeter: java.version=22.0.1
2026-06-14 16:56:00,540 INFO o.a.j.JMeter: java.vm.name=Java HotSpot(TM) 64-Bit Server VM
2026-06-14 16:56:00,540 INFO o.a.j.JMeter: os.name=Windows 11
2026-06-14 16:56:00,540 INFO o.a.j.JMeter: os.arch=amd64
2026-06-14 16:56:00,540 INFO o.a.j.JMeter: os.version=10.0
2026-06-14 16:56:00,541 INFO o.a.j.JMeter: file.encoding=UTF-8
2026-06-14 16:56:00,541 INFO o.a.j.JMeter: java.awt.headless=true
2026-06-14 16:56:00,541 INFO o.a.j.JMeter: Max memory     =1073741824
2026-06-14 16:56:00,541 INFO o.a.j.JMeter: Available Processors =16
2026-06-14 16:56:00,552 INFO o.a.j.JMeter: Default Locale=English (EN)
2026-06-14 16:56:00,552 INFO o.a.j.JMeter: JMeter  Locale=English (EN)
2026-06-14 16:56:00,552 INFO o.a.j.JMeter: JMeterHome=C:\Program Files\apache-jmeter-5.6.3\apache-jmeter-5.6.3
2026-06-14 16:56:00,552 INFO o.a.j.JMeter: user.dir  =C:\xampp\htdocs\cv-abba-barokah-jmeter
2026-06-14 16:56:00,553 INFO o.a.j.JMeter: PWD       =C:\xampp\htdocs\cv-abba-barokah-jmeter
2026-06-14 16:56:00,604 INFO o.a.j.JMeter: IP: 192.168.1.4 Name: LAPTOP-1A5G0V1I FullName: 192.168.1.4
2026-06-14 16:56:00,636 INFO o.a.j.JMeter: Setting property 'jmeter.reportgenerator.outputdir' to:'c:\xampp\htdocs\cv-abba-barokah-jmeter\dashboard_report'
2026-06-14 16:56:00,639 INFO o.a.j.s.FileServer: Default base='C:\xampp\htdocs\cv-abba-barokah-jmeter'
2026-06-14 16:56:00,642 INFO o.a.j.s.FileServer: Set new base='c:\xampp\htdocs\cv-abba-barokah-jmeter'
2026-06-14 16:56:00,837 INFO o.a.j.s.SaveService: Testplan (JMX) version: 2.2. Testlog (JTL) version: 2.2
2026-06-14 16:56:00,876 INFO o.a.j.s.SaveService: Using SaveService properties version 5.0
2026-06-14 16:56:00,880 INFO o.a.j.s.SaveService: Using SaveService properties file encoding UTF-8
2026-06-14 16:56:00,885 INFO o.a.j.s.SaveService: Loading file: c:\xampp\htdocs\cv-abba-barokah-jmeter\cv-abba-barokah-loadtest.jmx
2026-06-14 16:56:00,930 INFO o.a.j.p.h.c.CookieManager: Settings: Delete null: true Check: true Allow variable: true Save: false Prefix: COOKIE_
2026-06-14 16:56:00,970 INFO o.a.j.p.h.s.HTTPSamplerBase: Parser for text/html is org.apache.jmeter.protocol.http.parser.LagartoBasedHtmlParser
2026-06-14 16:56:00,972 INFO o.a.j.p.h.s.HTTPSamplerBase: Parser for application/xhtml+xml is org.apache.jmeter.protocol.http.parser.LagartoBasedHtmlParser
2026-06-14 16:56:00,972 INFO o.a.j.p.h.s.HTTPSamplerBase: Parser for application/xml is org.apache.jmeter.protocol.http.parser.LagartoBasedHtmlParser
2026-06-14 16:56:00,972 INFO o.a.j.p.h.s.HTTPSamplerBase: Parser for text/xml is org.apache.jmeter.protocol.http.parser.LagartoBasedHtmlParser
2026-06-14 16:56:00,972 INFO o.a.j.p.h.s.HTTPSamplerBase: Parser for text/vnd.wap.wml is org.apache.jmeter.protocol.http.parser.RegexpHTMLParser
2026-06-14 16:56:00,972 INFO o.a.j.p.h.s.HTTPSamplerBase: Parser for text/css is org.apache.jmeter.protocol.http.parser.CssParser
2026-06-14 16:56:01,042 INFO o.a.j.JMeter: Creating summariser <summary>
2026-06-14 16:56:01,046 INFO o.a.j.r.d.ReportGenerator: ReportGenerator will use for Parsing the separator: ','
2026-06-14 16:56:01,047 INFO o.a.j.r.d.ReportGenerator: Will generate report at end of test from  results file: c:\xampp\htdocs\cv-abba-barokah-jmeter\results.jtl
2026-06-14 16:56:01,047 INFO o.a.j.r.d.ReportGenerator: Reading report generator properties from: C:\Program Files\apache-jmeter-5.6.3\apache-jmeter-5.6.3\bin\reportgenerator.properties
2026-06-14 16:56:01,048 INFO o.a.j.r.d.ReportGenerator: Merging with JMeter properties
2026-06-14 16:56:01,054 INFO o.a.j.r.c.ReportGeneratorConfiguration: Property 'jmeter.reportgenerator.temp_dir' not found, using default value 'temp' instead.
2026-06-14 16:56:01,055 INFO o.a.j.r.c.ReportGeneratorConfiguration: Property 'jmeter.reportgenerator.apdex_per_transaction' not found, using default value 'null' instead.
2026-06-14 16:56:01,056 INFO o.a.j.r.c.ReportGeneratorConfiguration: apdex_per_transaction is empty, not APDEX per transaction customization
2026-06-14 16:56:01,056 INFO o.a.j.r.c.ReportGeneratorConfiguration: Property 'jmeter.reportgenerator.sample_filter' not found, using default value 'null' instead.
2026-06-14 16:56:01,056 INFO o.a.j.r.c.ReportGeneratorConfiguration: Property 'jmeter.reportgenerator.report_title' not found, using default value 'null' instead.
2026-06-14 16:56:01,056 INFO o.a.j.r.c.ReportGeneratorConfiguration: Property 'jmeter.reportgenerator.start_date' not found, using default value 'null' instead.
2026-06-14 16:56:01,056 INFO o.a.j.r.c.ReportGeneratorConfiguration: Property 'jmeter.reportgenerator.end_date' not found, using default value 'null' instead.
2026-06-14 16:56:01,056 INFO o.a.j.r.c.ReportGeneratorConfiguration: Property 'jmeter.reportgenerator.date_format' not found, using default value 'null' instead.
2026-06-14 16:56:01,056 INFO o.a.j.r.c.ReportGeneratorConfiguration: Will use date range start date: null, end date: null
2026-06-14 16:56:01,061 INFO o.a.j.r.c.ReportGeneratorConfiguration: Property 'jmeter.reportgenerator.graph.totalTPS.exclude_controllers' not found, using default value 'false' instead.
2026-06-14 16:56:01,061 INFO o.a.j.r.c.ReportGeneratorConfiguration: Property 'jmeter.reportgenerator.graph.activeThreadsOverTime.exclude_controllers' not found, using default value 'false' instead.
2026-06-14 16:56:01,062 INFO o.a.j.r.c.ReportGeneratorConfiguration: Property 'jmeter.reportgenerator.graph.timeVsThreads.exclude_controllers' not found, using default value 'false' instead.
2026-06-14 16:56:01,062 INFO o.a.j.r.c.ReportGeneratorConfiguration: Property 'jmeter.reportgenerator.graph.responseTimeDistribution.exclude_controllers' not found, using default value 'false' instead.
2026-06-14 16:56:01,062 INFO o.a.j.r.c.ReportGeneratorConfiguration: Property 'jmeter.reportgenerator.graph.transactionsPerSecond.exclude_controllers' not found, using default value 'false' instead.
2026-06-14 16:56:01,062 INFO o.a.j.r.c.ReportGeneratorConfiguration: Property 'jmeter.reportgenerator.graph.responseTimePercentiles.exclude_controllers' not found, using default value 'false' instead.
2026-06-14 16:56:01,062 INFO o.a.j.r.c.ReportGeneratorConfiguration: Property 'jmeter.reportgenerator.graph.responseTimePercentilesOverTime.exclude_controllers' not found, using default value 'false' instead.
2026-06-14 16:56:01,062 INFO o.a.j.r.c.ReportGeneratorConfiguration: Property 'jmeter.reportgenerator.graph.responseTimesOverTime.exclude_controllers' not found, using default value 'false' instead.
2026-06-14 16:56:01,062 INFO o.a.j.r.c.ReportGeneratorConfiguration: Property 'jmeter.reportgenerator.graph.connectTimeOverTime.exclude_controllers' not found, using default value 'false' instead.
2026-06-14 16:56:01,062 INFO o.a.j.r.c.ReportGeneratorConfiguration: Property 'jmeter.reportgenerator.graph.latenciesOverTime.exclude_controllers' not found, using default value 'false' instead.
2026-06-14 16:56:01,064 INFO o.a.j.r.c.ReportGeneratorConfiguration: Property 'jmeter.reportgenerator.exporter.json.filters_only_sample_series' not found, using default value 'true' instead.
2026-06-14 16:56:01,065 INFO o.a.j.r.c.ReportGeneratorConfiguration: Property 'jmeter.reportgenerator.exporter.json.series_filter' not found, using default value '' instead.
2026-06-14 16:56:01,065 INFO o.a.j.r.c.ReportGeneratorConfiguration: Property 'jmeter.reportgenerator.exporter.json.show_controllers_only' not found, using default value 'false' instead.
2026-06-14 16:56:01,065 INFO o.a.j.r.c.ReportGeneratorConfiguration: Property 'jmeter.reportgenerator.exporter.html.filters_only_sample_series' not found, using default value 'true' instead.
2026-06-14 16:56:01,066 INFO o.a.j.r.c.ReportGeneratorConfiguration: Property 'jmeter.reportgenerator.exporter.html.series_filter' not found, using default value '' instead.
2026-06-14 16:56:01,066 INFO o.a.j.r.c.ReportGeneratorConfiguration: Property 'jmeter.reportgenerator.exporter.html.show_controllers_only' not found, using default value 'false' instead.
2026-06-14 16:56:01,082 INFO o.a.j.e.StandardJMeterEngine: Running the test!
2026-06-14 16:56:01,083 INFO o.a.j.s.SampleEvent: List of sample_variables: []
2026-06-14 16:56:01,083 INFO o.a.j.s.SampleEvent: List of sample_variables: []
2026-06-14 16:56:01,088 INFO o.a.j.e.u.CompoundVariable: Note: Function class names must contain the string: '.functions.'
2026-06-14 16:56:01,088 INFO o.a.j.e.u.CompoundVariable: Note: Function class names must not contain the string: '.gui.'
2026-06-14 16:56:01,500 INFO o.a.j.JMeter: Running test (1781430961500)
2026-06-14 16:56:01,524 INFO o.a.j.e.StandardJMeterEngine: Starting ThreadGroup: 1 : Module 1: Dashboard Load
2026-06-14 16:56:01,524 INFO o.a.j.e.StandardJMeterEngine: Starting 5 threads for group Module 1: Dashboard Load.
2026-06-14 16:56:01,524 INFO o.a.j.e.StandardJMeterEngine: Thread will continue on error
2026-06-14 16:56:01,524 INFO o.a.j.t.ThreadGroup: Starting thread group... number=1 threads=5 ramp-up=10 delayedStart=false
2026-06-14 16:56:01,531 INFO o.a.j.t.ThreadGroup: Started thread group number 1
2026-06-14 16:56:01,531 INFO o.a.j.e.StandardJMeterEngine: Starting ThreadGroup: 2 : Module 2: Product Search
2026-06-14 16:56:01,531 INFO o.a.j.e.StandardJMeterEngine: Starting 3 threads for group Module 2: Product Search.
2026-06-14 16:56:01,532 INFO o.a.j.e.StandardJMeterEngine: Thread will continue on error
2026-06-14 16:56:01,532 INFO o.a.j.t.ThreadGroup: Starting thread group... number=2 threads=3 ramp-up=6 delayedStart=false
2026-06-14 16:56:01,534 INFO o.a.j.t.ThreadGroup: Started thread group number 2
2026-06-14 16:56:01,534 INFO o.a.j.e.StandardJMeterEngine: Starting ThreadGroup: 3 : Module 3: Order Management
2026-06-14 16:56:01,534 INFO o.a.j.e.StandardJMeterEngine: Starting 4 threads for group Module 3: Order Management.
2026-06-14 16:56:01,534 INFO o.a.j.e.StandardJMeterEngine: Thread will continue on error
2026-06-14 16:56:01,534 INFO o.a.j.t.ThreadGroup: Starting thread group... number=3 threads=4 ramp-up=8 delayedStart=false
2026-06-14 16:56:01,536 INFO o.a.j.t.ThreadGroup: Started thread group number 3
2026-06-14 16:56:01,536 INFO o.a.j.e.StandardJMeterEngine: Starting ThreadGroup: 4 : Module 4: Category Creation
2026-06-14 16:56:01,536 INFO o.a.j.e.StandardJMeterEngine: Starting 2 threads for group Module 4: Category Creation.
2026-06-14 16:56:01,536 INFO o.a.j.e.StandardJMeterEngine: Thread will continue on error
2026-06-14 16:56:01,537 INFO o.a.j.t.ThreadGroup: Starting thread group... number=4 threads=2 ramp-up=4 delayedStart=false
2026-06-14 16:56:01,538 INFO o.a.j.t.ThreadGroup: Started thread group number 4
2026-06-14 16:56:01,538 INFO o.a.j.e.StandardJMeterEngine: All thread groups have been started
2026-06-14 16:56:01,540 INFO o.a.j.t.JMeterThread: Thread started: Module 1: Dashboard Load 1-1
2026-06-14 16:56:01,540 INFO o.a.j.t.JMeterThread: Thread started: Module 2: Product Search 2-1
2026-06-14 16:56:01,540 INFO o.a.j.t.JMeterThread: Thread started: Module 4: Category Creation 4-1
2026-06-14 16:56:01,540 INFO o.a.j.t.JMeterThread: Thread started: Module 3: Order Management 3-1
2026-06-14 16:56:01,559 INFO o.a.j.p.h.s.HTTPHCAbstractImpl: Local host = LAPTOP-1A5G0V1I
2026-06-14 16:56:01,567 INFO o.a.j.p.h.s.HTTPHC4Impl: HTTP request retry count = 0
2026-06-14 16:56:01,569 INFO o.a.j.s.SampleResult: Note: Sample TimeStamps are START times
2026-06-14 16:56:01,569 INFO o.a.j.s.SampleResult: sampleresult.default.encoding is set to UTF-8
2026-06-14 16:56:01,569 INFO o.a.j.s.SampleResult: sampleresult.useNanoTime=true
2026-06-14 16:56:01,569 INFO o.a.j.s.SampleResult: sampleresult.nanoThreadSleep=5000
2026-06-14 16:56:03,538 INFO o.a.j.t.JMeterThread: Thread started: Module 1: Dashboard Load 1-2
2026-06-14 16:56:03,541 INFO o.a.j.t.JMeterThread: Thread started: Module 3: Order Management 3-2
2026-06-14 16:56:03,541 INFO o.a.j.t.JMeterThread: Thread started: Module 4: Category Creation 4-2
2026-06-14 16:56:03,541 INFO o.a.j.t.JMeterThread: Thread started: Module 2: Product Search 2-2
2026-06-14 16:56:03,911 INFO o.a.j.r.Summariser: summary +      1 in 00:00:02 =    0.4/s Avg:  1467 Min:  1467 Max:  1467 Err:     0 (0.00%) Active: 8 Started: 8 Finished: 0
2026-06-14 16:56:05,537 INFO o.a.j.t.JMeterThread: Thread started: Module 1: Dashboard Load 1-3
2026-06-14 16:56:05,540 INFO o.a.j.t.JMeterThread: Thread started: Module 3: Order Management 3-3
2026-06-14 16:56:05,540 INFO o.a.j.t.JMeterThread: Thread started: Module 2: Product Search 2-3
2026-06-14 16:56:07,537 INFO o.a.j.t.JMeterThread: Thread started: Module 1: Dashboard Load 1-4
2026-06-14 16:56:07,539 INFO o.a.j.t.JMeterThread: Thread started: Module 3: Order Management 3-4
2026-06-14 16:56:09,534 INFO o.a.j.t.JMeterThread: Thread started: Module 1: Dashboard Load 1-5
2026-06-14 16:56:31,910 INFO o.a.j.r.Summariser: summary +     25 in 00:00:28 =    0.9/s Avg:  9146 Min:  2544 Max: 13424 Err:    12 (48.00%) Active: 14 Started: 14 Finished: 0
2026-06-14 16:56:31,910 INFO o.a.j.r.Summariser: summary =     26 in 00:00:30 =    0.9/s Avg:  8850 Min:  1467 Max: 13424 Err:    12 (46.15%)
2026-06-14 16:56:38,818 INFO o.a.j.t.JMeterThread: Thread is done: Module 3: Order Management 3-1
2026-06-14 16:56:38,818 INFO o.a.j.t.JMeterThread: Thread finished: Module 3: Order Management 3-1
2026-06-14 16:56:39,790 WARN o.a.j.p.h.s.HTTPSamplerBase: Existing CookieManager HTTP Cookie Manager superseded by HTTP Cookie Manager
2026-06-14 16:56:44,398 WARN o.a.j.p.h.s.HTTPSamplerBase: Existing CookieManager HTTP Cookie Manager superseded by HTTP Cookie Manager
2026-06-14 16:56:47,926 INFO o.a.j.t.JMeterThread: Thread is done: Module 3: Order Management 3-2
2026-06-14 16:56:47,926 INFO o.a.j.t.JMeterThread: Thread finished: Module 3: Order Management 3-2
2026-06-14 16:56:50,438 INFO o.a.j.t.JMeterThread: Thread is done: Module 2: Product Search 2-1
2026-06-14 16:56:50,438 INFO o.a.j.t.JMeterThread: Thread finished: Module 2: Product Search 2-1
2026-06-14 16:56:52,166 WARN o.a.j.p.h.s.HTTPSamplerBase: Existing CookieManager HTTP Cookie Manager superseded by HTTP Cookie Manager
2026-06-14 16:56:53,803 INFO o.a.j.t.JMeterThread: Thread is done: Module 3: Order Management 3-3
2026-06-14 16:56:53,803 INFO o.a.j.t.JMeterThread: Thread finished: Module 3: Order Management 3-3
2026-06-14 16:56:54,619 INFO o.a.j.t.JMeterThread: Thread is done: Module 4: Category Creation 4-1
2026-06-14 16:56:54,619 INFO o.a.j.t.JMeterThread: Thread finished: Module 4: Category Creation 4-1
2026-06-14 16:56:56,398 WARN o.a.j.p.h.s.HTTPSamplerBase: Existing CookieManager HTTP Cookie Manager superseded by HTTP Cookie Manager
2026-06-14 16:56:57,335 INFO o.a.j.t.JMeterThread: Thread is done: Module 3: Order Management 3-4
2026-06-14 16:56:57,335 INFO o.a.j.t.JMeterThread: Thread finished: Module 3: Order Management 3-4
2026-06-14 16:56:58,302 INFO o.a.j.t.JMeterThread: Thread is done: Module 4: Category Creation 4-2
2026-06-14 16:56:58,302 INFO o.a.j.t.JMeterThread: Thread finished: Module 4: Category Creation 4-2
2026-06-14 16:56:59,304 WARN o.a.j.p.h.s.HTTPSamplerBase: Existing CookieManager HTTP Cookie Manager superseded by HTTP Cookie Manager
2026-06-14 16:57:00,197 INFO o.a.j.r.Summariser: summary +     20 in 00:00:28 =    0.7/s Avg: 21673 Min: 10576 Max: 26886 Err:     6 (30.00%) Active: 7 Started: 14 Finished: 7
2026-06-14 16:57:00,197 INFO o.a.j.r.Summariser: summary =     46 in 00:00:59 =    0.8/s Avg: 14425 Min:  1467 Max: 26886 Err:    18 (39.13%)
2026-06-14 16:57:00,197 INFO o.a.j.t.JMeterThread: Thread is done: Module 2: Product Search 2-2
2026-06-14 16:57:00,197 INFO o.a.j.t.JMeterThread: Thread finished: Module 2: Product Search 2-2
2026-06-14 16:57:01,121 WARN o.a.j.p.h.s.HTTPSamplerBase: Existing CookieManager HTTP Cookie Manager superseded by HTTP Cookie Manager
2026-06-14 16:57:02,902 INFO o.a.j.t.JMeterThread: Thread is done: Module 2: Product Search 2-3
2026-06-14 16:57:02,902 INFO o.a.j.t.JMeterThread: Thread finished: Module 2: Product Search 2-3
2026-06-14 16:57:03,808 WARN o.a.j.p.h.s.HTTPSamplerBase: Existing CookieManager HTTP Cookie Manager superseded by HTTP Cookie Manager
2026-06-14 16:57:07,282 WARN o.a.j.p.h.s.HTTPSamplerBase: Existing CookieManager HTTP Cookie Manager superseded by HTTP Cookie Manager
2026-06-14 16:57:09,150 WARN o.a.j.p.h.s.HTTPSamplerBase: Existing CookieManager HTTP Cookie Manager superseded by HTTP Cookie Manager
2026-06-14 16:57:10,097 WARN o.a.j.p.h.s.HTTPSamplerBase: Existing CookieManager HTTP Cookie Manager superseded by HTTP Cookie Manager
2026-06-14 16:57:11,028 WARN o.a.j.p.h.s.HTTPSamplerBase: Existing CookieManager HTTP Cookie Manager superseded by HTTP Cookie Manager
2026-06-14 16:57:13,772 WARN o.a.j.p.h.s.HTTPSamplerBase: Existing CookieManager HTTP Cookie Manager superseded by HTTP Cookie Manager
2026-06-14 16:57:17,169 WARN o.a.j.p.h.s.HTTPSamplerBase: Existing CookieManager HTTP Cookie Manager superseded by HTTP Cookie Manager
2026-06-14 16:57:18,911 WARN o.a.j.p.h.s.HTTPSamplerBase: Existing CookieManager HTTP Cookie Manager superseded by HTTP Cookie Manager
2026-06-14 16:57:19,851 WARN o.a.j.p.h.s.HTTPSamplerBase: Existing CookieManager HTTP Cookie Manager superseded by HTTP Cookie Manager
2026-06-14 16:57:20,765 WARN o.a.j.p.h.s.HTTPSamplerBase: Existing CookieManager HTTP Cookie Manager superseded by HTTP Cookie Manager
2026-06-14 16:57:22,463 WARN o.a.j.p.h.s.HTTPSamplerBase: Existing CookieManager HTTP Cookie Manager superseded by HTTP Cookie Manager
2026-06-14 16:57:26,032 WARN o.a.j.p.h.s.HTTPSamplerBase: Existing CookieManager HTTP Cookie Manager superseded by HTTP Cookie Manager
2026-06-14 16:57:27,817 WARN o.a.j.p.h.s.HTTPSamplerBase: Existing CookieManager HTTP Cookie Manager superseded by HTTP Cookie Manager
2026-06-14 16:57:28,735 WARN o.a.j.p.h.s.HTTPSamplerBase: Existing CookieManager HTTP Cookie Manager superseded by HTTP Cookie Manager
2026-06-14 16:57:29,851 INFO o.a.j.t.JMeterThread: Thread is done: Module 1: Dashboard Load 1-1
2026-06-14 16:57:29,851 INFO o.a.j.t.JMeterThread: Thread finished: Module 1: Dashboard Load 1-1
2026-06-14 16:57:31,742 INFO o.a.j.r.Summariser: summary +     18 in 00:00:32 =    0.6/s Avg: 11222 Min:  8690 Max: 21330 Err:     1 (5.56%) Active: 4 Started: 14 Finished: 10
2026-06-14 16:57:31,743 INFO o.a.j.r.Summariser: summary =     64 in 00:01:30 =    0.7/s Avg: 13524 Min:  1467 Max: 26886 Err:    19 (29.69%)
2026-06-14 16:57:31,743 INFO o.a.j.t.JMeterThread: Thread is done: Module 1: Dashboard Load 1-2
2026-06-14 16:57:31,744 INFO o.a.j.t.JMeterThread: Thread finished: Module 1: Dashboard Load 1-2
2026-06-14 16:57:34,164 INFO o.a.j.t.JMeterThread: Thread is done: Module 1: Dashboard Load 1-3
2026-06-14 16:57:34,164 INFO o.a.j.t.JMeterThread: Thread finished: Module 1: Dashboard Load 1-3
2026-06-14 16:57:35,031 INFO o.a.j.t.JMeterThread: Thread is done: Module 1: Dashboard Load 1-4
2026-06-14 16:57:35,033 INFO o.a.j.t.JMeterThread: Thread finished: Module 1: Dashboard Load 1-4
2026-06-14 16:57:35,970 INFO o.a.j.t.JMeterThread: Thread is done: Module 1: Dashboard Load 1-5
2026-06-14 16:57:35,970 INFO o.a.j.t.JMeterThread: Thread finished: Module 1: Dashboard Load 1-5
2026-06-14 16:57:35,970 INFO o.a.j.e.StandardJMeterEngine: Notifying test listeners of end of test
2026-06-14 16:57:35,975 INFO o.a.j.r.Summariser: summary +      3 in 00:00:04 =    0.7/s Avg:  7526 Min:  7214 Max:  8131 Err:     0 (0.00%) Active: 0 Started: 14 Finished: 14
2026-06-14 16:57:35,975 INFO o.a.j.r.Summariser: summary =     67 in 00:01:34 =    0.7/s Avg: 13256 Min:  1467 Max: 26886 Err:    19 (28.36%)
2026-06-14 16:57:35,976 INFO o.a.j.JMeter: Generating Dashboard
2026-06-14 16:57:35,976 INFO o.a.j.r.d.ReportGenerator: Flushing result collector before report Generation
2026-06-14 16:57:36,009 INFO o.a.j.r.p.NormalizerSampleConsumer: Using format, 'ms', to parse timeStamp field
2026-06-14 16:57:36,147 INFO o.a.j.r.p.AbstractSampleConsumer: class org.apache.jmeter.report.processor.AggregateConsumer#stopProducing(): beginDate produced 0 samples
2026-06-14 16:57:36,147 INFO o.a.j.r.p.AbstractSampleConsumer: class org.apache.jmeter.report.processor.AggregateConsumer#stopProducing(): endDate produced 0 samples
2026-06-14 16:57:36,149 INFO o.a.j.r.p.AbstractSampleConsumer: class org.apache.jmeter.report.processor.ApdexSummaryConsumer#stopProducing(): apdexSummary produced 0 samples
2026-06-14 16:57:36,149 INFO o.a.j.r.p.AbstractSampleConsumer: class org.apache.jmeter.report.processor.RequestsSummaryConsumer#stopProducing(): requestsSummary produced 0 samples
2026-06-14 16:57:36,154 INFO o.a.j.r.p.AbstractSampleConsumer: class org.apache.jmeter.report.processor.StatisticsSummaryConsumer#stopProducing(): statisticsSummary produced 0 samples
2026-06-14 16:57:36,157 INFO o.a.j.r.p.AbstractSampleConsumer: class org.apache.jmeter.report.processor.Top5ErrorsBySamplerConsumer#stopProducing(): top5ErrorsBySampler produced 0 samples
2026-06-14 16:57:36,157 INFO o.a.j.r.p.AbstractSampleConsumer: class org.apache.jmeter.report.processor.ErrorsSummaryConsumer#stopProducing(): errorsSummary produced 0 samples
2026-06-14 16:57:36,157 INFO o.a.j.r.p.AbstractSampleConsumer: class org.apache.jmeter.report.processor.graph.impl.HitsPerSecondGraphConsumer#stopProducing(): hitsPerSecond produced 0 samples
2026-06-14 16:57:36,192 INFO o.a.j.r.p.AbstractSampleConsumer: class org.apache.jmeter.report.processor.graph.impl.LatencyVSRequestGraphConsumer#stopProducing(): latencyVsRequest produced 0 samples
2026-06-14 16:57:36,193 INFO o.a.j.r.p.AbstractSampleConsumer: class org.apache.jmeter.report.processor.graph.impl.SyntheticResponseTimeDistributionGraphConsumer#stopProducing(): syntheticResponseTimeDistribution produced 0 samples
2026-06-14 16:57:36,193 INFO o.a.j.r.p.AbstractSampleConsumer: class org.apache.jmeter.report.processor.graph.impl.BytesThroughputGraphConsumer#stopProducing(): bytesThroughputOverTime produced 0 samples
2026-06-14 16:57:36,193 INFO o.a.j.r.p.AbstractSampleConsumer: class org.apache.jmeter.report.processor.graph.impl.CodesPerSecondGraphConsumer#stopProducing(): codesPerSecond produced 0 samples
2026-06-14 16:57:36,214 INFO o.a.j.r.p.AbstractSampleConsumer: class org.apache.jmeter.report.processor.graph.impl.ResponseTimeVSRequestGraphConsumer#stopProducing(): responseTimeVsRequest produced 0 samples
2026-06-14 16:57:36,215 INFO o.a.j.r.p.AbstractSampleConsumer: class org.apache.jmeter.report.processor.FilterConsumer#stopProducing(): startIntervalControlerFilter produced 945 samples
2026-06-14 16:57:36,215 INFO o.a.j.r.p.AbstractSampleConsumer: class org.apache.jmeter.report.processor.graph.impl.TotalTPSGraphConsumer#stopProducing(): totalTPS produced 0 samples
2026-06-14 16:57:36,216 INFO o.a.j.r.p.AbstractSampleConsumer: class org.apache.jmeter.report.processor.graph.impl.ActiveThreadsGraphConsumer#stopProducing(): activeThreadsOverTime produced 0 samples
2026-06-14 16:57:36,216 INFO o.a.j.r.p.AbstractSampleConsumer: class org.apache.jmeter.report.processor.graph.impl.TimeVSThreadGraphConsumer#stopProducing(): timeVsThreads produced 0 samples
2026-06-14 16:57:36,217 INFO o.a.j.r.p.AbstractSampleConsumer: class org.apache.jmeter.report.processor.graph.impl.ResponseTimeDistributionGraphConsumer#stopProducing(): responseTimeDistribution produced 0 samples
2026-06-14 16:57:36,217 INFO o.a.j.r.p.AbstractSampleConsumer: class org.apache.jmeter.report.processor.graph.impl.TransactionsPerSecondGraphConsumer#stopProducing(): transactionsPerSecond produced 0 samples
2026-06-14 16:57:36,217 INFO o.a.j.r.p.AbstractSampleConsumer: class org.apache.jmeter.report.processor.graph.impl.ResponseTimePercentilesGraphConsumer#stopProducing(): responseTimePercentiles produced 0 samples
2026-06-14 16:57:36,224 INFO o.a.j.r.p.AbstractSampleConsumer: class org.apache.jmeter.report.processor.graph.impl.ResponseTimePercentilesOverTimeGraphConsumer#stopProducing(): responseTimePercentilesOverTime produced 0 samples
2026-06-14 16:57:36,224 INFO o.a.j.r.p.AbstractSampleConsumer: class org.apache.jmeter.report.processor.graph.impl.ResponseTimeOverTimeGraphConsumer#stopProducing(): responseTimesOverTime produced 0 samples
2026-06-14 16:57:36,225 INFO o.a.j.r.p.AbstractSampleConsumer: class org.apache.jmeter.report.processor.graph.impl.ConnectTimeOverTimeGraphConsumer#stopProducing(): connectTimeOverTime produced 0 samples
2026-06-14 16:57:36,225 INFO o.a.j.r.p.AbstractSampleConsumer: class org.apache.jmeter.report.processor.graph.impl.LatencyOverTimeGraphConsumer#stopProducing(): latenciesOverTime produced 0 samples
2026-06-14 16:57:36,225 INFO o.a.j.r.p.AbstractSampleConsumer: class org.apache.jmeter.report.processor.FilterConsumer#stopProducing(): nameFilter produced 2025 samples
2026-06-14 16:57:36,225 INFO o.a.j.r.p.AbstractSampleConsumer: class org.apache.jmeter.report.processor.FilterConsumer#stopProducing(): dateRangeFilter produced 405 samples
2026-06-14 16:57:36,225 INFO o.a.j.r.p.AbstractSampleConsumer: class org.apache.jmeter.report.processor.NormalizerSampleConsumer#stopProducing(): normalizer produced 135 samples
2026-06-14 16:57:36,226 INFO o.a.j.r.p.CsvFileSampleSource: produce(): 135 samples produced in 188ms on channel 0
2026-06-14 16:57:36,226 INFO o.a.j.r.d.ReportGenerator: Exporting data using exporter:'json' of className:'org.apache.jmeter.report.dashboard.JsonExporter'
2026-06-14 16:57:36,309 INFO o.a.j.r.d.JsonExporter: Found data for consumer statisticsSummary in context
2026-06-14 16:57:36,310 INFO o.a.j.r.d.JsonExporter: Creating statistics for overall
2026-06-14 16:57:36,310 INFO o.a.j.r.d.JsonExporter: Creating statistics for other transactions
2026-06-14 16:57:36,310 INFO o.a.j.r.d.JsonExporter: Checking output folder
2026-06-14 16:57:36,311 INFO o.a.j.r.d.JsonExporter: Writing statistics JSON to c:\xampp\htdocs\cv-abba-barokah-jmeter\dashboard_report\statistics.json
2026-06-14 16:57:36,358 INFO o.a.j.r.d.ReportGenerator: Exporting data using exporter:'html' of className:'org.apache.jmeter.report.dashboard.HtmlTemplateExporter'
2026-06-14 16:57:36,361 INFO o.a.j.r.d.HtmlTemplateExporter: Will generate dashboard in folder: c:\xampp\htdocs\cv-abba-barokah-jmeter\dashboard_report
2026-06-14 16:57:36,488 INFO o.a.j.r.d.HtmlTemplateExporter: Report will be generated in: c:\xampp\htdocs\cv-abba-barokah-jmeter\dashboard_report, creating folder structure
2026-06-14 16:57:36,490 INFO o.a.j.r.d.TemplateVisitor: Copying folder from 'C:\Program Files\apache-jmeter-5.6.3\apache-jmeter-5.6.3\bin\report-template' to 'c:\xampp\htdocs\cv-abba-barokah-jmeter\dashboard_report', got message: c:\xampp\htdocs\cv-abba-barokah-jmeter\dashboard_report, found non empty folder with following content [c:\xampp\htdocs\cv-abba-barokah-jmeter\dashboard_report\statistics.json], will be ignored
2026-06-14 16:57:36,885 INFO o.a.j.JMeter: Dashboard generated
